Using pre-set license
Built from '2020.3/staging' branch; Version is '2020.3.19f1 (68f137dc9bbe) revision 6877495'; Using compiler version '192528614'; Build Type 'Release'
OS: 'Windows 10 Education; OS build 22000.282; Version 2009; 64bit' Language: 'pt' Physical Memory: 32700 MB
BatchMode: 1, IsHumanControllingUs: 0, StartBugReporterOnCrash: 0, Is64bit: 1, IsPro: 0

COMMAND LINE ARGUMENTS:
C:\Program Files\Unity\Hub\Editor\2020.3.19f1\Editor\Unity.exe
-adb2
-batchMode
-noUpm
-name
AssetImportWorker0
-projectPath
C:/Users/Vinicius Tardelli/Documents/CG2/AC2_CG1/AC2_CG
-logFile
Logs/AssetImportWorker0.log
-srvPort
60828
Successfully changed project path to: C:/Users/Vinicius Tardelli/Documents/CG2/AC2_CG1/AC2_CG
C:/Users/Vinicius Tardelli/Documents/CG2/AC2_CG1/AC2_CG
Using Asset Import Pipeline V2.
Refreshing native plugins compatible for Editor in 29.56 ms, found 3 plugins.
Preloading 0 native plugins for Editor in 0.00 ms.
Initialize engine version: 2020.3.19f1 (68f137dc9bbe)
[Subsystems] Discovering subsystems at path C:/Program Files/Unity/Hub/Editor/2020.3.19f1/Editor/Data/Resources/UnitySubsystems
[Subsystems] Discovering subsystems at path C:/Users/Vinicius Tardelli/Documents/CG2/AC2_CG1/AC2_CG/Assets
GfxDevice: creating device client; threaded=0
Direct3D:
    Version:  Direct3D 11.0 [level 11.1]
    Renderer: AMD Radeon RX 5700 XT (ID=0x731f)
    Vendor:   
    VRAM:     8151 MB
    Driver:   30.0.13031.5001
Initialize mono
Mono path[0] = 'C:/Program Files/Unity/Hub/Editor/2020.3.19f1/Editor/Data/Managed'
Mono path[1] = 'C:/Program Files/Unity/Hub/Editor/2020.3.19f1/Editor/Data/MonoBleedingEdge/lib/mono/unityjit'
Mono config path = 'C:/Program Files/Unity/Hub/Editor/2020.3.19f1/Editor/Data/MonoBleedingEdge/etc'
Using monoOptions --debugger-agent=transport=dt_socket,embedding=1,server=y,suspend=n,address=127.0.0.1:56432
Begin MonoManager ReloadAssembly
Registering precompiled unity dll's ...
Register platform support module: C:/Program Files/Unity/Hub/Editor/2020.3.19f1/Editor/Data/PlaybackEngines/WebGLSupport/UnityEditor.WebGL.Extensions.dll
Register platform support module: C:/Program Files/Unity/Hub/Editor/2020.3.19f1/Editor/Data/PlaybackEngines/WindowsStandaloneSupport/UnityEditor.WindowsStandalone.Extensions.dll
Registered in 0.001002 seconds.
Native extension for WindowsStandalone target not found
Native extension for WebGL target not found
Refreshing native plugins compatible for Editor in 30.51 ms, found 3 plugins.
Preloading 0 native plugins for Editor in 0.00 ms.
Mono: successfully reloaded assembly
- Completed reload, in  0.780 seconds
Domain Reload Profiling:
	ReloadAssembly (780ms)
		BeginReloadAssembly (35ms)
			ExecutionOrderSort (0ms)
			DisableScriptedObjects (0ms)
			BackupInstance (0ms)
			ReleaseScriptingObjects (0ms)
			CreateAndSetChildDomain (1ms)
		EndReloadAssembly (308ms)
			LoadAssemblies (34ms)
			RebuildTransferFunctionScriptingTraits (0ms)
			SetupTypeCache (110ms)
			ReleaseScriptCaches (0ms)
			RebuildScriptCaches (23ms)
			SetupLoadedEditorAssemblies (124ms)
				LogAssemblyErrors (0ms)
				InitializePlatformSupportModulesInManaged (3ms)
				SetLoadedEditorAssemblies (0ms)
				RefreshPlugins (31ms)
				BeforeProcessingInitializeOnLoad (6ms)
				ProcessInitializeOnLoadAttributes (60ms)
				ProcessInitializeOnLoadMethodAttributes (24ms)
				AfterProcessingInitializeOnLoad (0ms)
				EditorAssembliesLoaded (0ms)
			ExecutionOrderSort2 (0ms)
			AwakeInstancesAfterBackupRestoration (0ms)
Platform modules already initialized, skipping
Registering precompiled user dll's ...
Registered in 0.001576 seconds.
Begin MonoManager ReloadAssembly
Native extension for WindowsStandalone target not found
Native extension for WebGL target not found
Refreshing native plugins compatible for Editor in 29.68 ms, found 3 plugins.
Preloading 0 native plugins for Editor in 0.00 ms.
Mono: successfully reloaded assembly
- Completed reload, in  0.793 seconds
Domain Reload Profiling:
	ReloadAssembly (793ms)
		BeginReloadAssembly (101ms)
			ExecutionOrderSort (0ms)
			DisableScriptedObjects (4ms)
			BackupInstance (0ms)
			ReleaseScriptingObjects (0ms)
			CreateAndSetChildDomain (13ms)
		EndReloadAssembly (649ms)
			LoadAssemblies (58ms)
			RebuildTransferFunctionScriptingTraits (0ms)
			SetupTypeCache (214ms)
			ReleaseScriptCaches (0ms)
			RebuildScriptCaches (35ms)
			SetupLoadedEditorAssemblies (245ms)
				LogAssemblyErrors (0ms)
				InitializePlatformSupportModulesInManaged (3ms)
				SetLoadedEditorAssemblies (0ms)
				RefreshPlugins (30ms)
				BeforeProcessingInitializeOnLoad (44ms)
				ProcessInitializeOnLoadAttributes (154ms)
				ProcessInitializeOnLoadMethodAttributes (10ms)
				AfterProcessingInitializeOnLoad (3ms)
				EditorAssembliesLoaded (0ms)
			ExecutionOrderSort2 (0ms)
			AwakeInstancesAfterBackupRestoration (5ms)
Platform modules already initialized, skipping
========================================================================
Worker process is ready to serve import requests
Launched and connected shader compiler UnityShaderCompiler.exe after 0.04 seconds
Refreshing native plugins compatible for Editor in 0.33 ms, found 3 plugins.
Preloading 0 native plugins for Editor in 0.00 ms.
Unloading 2091 Unused Serialized files (Serialized files now loaded: 0)
System memory in use before: 93.1 MB.
System memory in use after: 93.1 MB.

Unloading 26 unused Assets to reduce memory usage. Loaded Objects now: 2530.
Total: 2.275300 ms (FindLiveObjects: 0.136700 ms CreateObjectMapping: 0.058800 ms MarkObjects: 2.037700 ms  DeleteObjects: 0.041600 ms)

AssetImportParameters requested are different than current active one (requested -> active):
  custom:framework-win-MediaFoundation: 216162199b28c13a410421893ffa2e32 -> 
  custom:video-decoder-ogg-theora: a1e56fd34408186e4bbccfd4996cb3dc -> 
  custom:container-muxer-webm: aa71ff27fc2769a1b78a27578f13a17b -> 
  custom:container-demuxer-webm: 4f35f7cbe854078d1ac9338744f61a02 -> 
  custom:container-demuxer-ogg: 62fdf1f143b41e24485cea50d1cbac27 -> 
  custom:video-encoder-webm-vp8: eb34c28f22e8b96e1ab97ce403110664 -> 
  custom:video-decoder-webm-vp8: 9c59270c3fd7afecdb556c50c9e8de78 -> 
  custom:audio-decoder-ogg-vorbis: bf7c407c2cedff20999df2af8eb42d56 -> 
  custom:audio-encoder-webm-vorbis: bf7c407c2cedff20999df2af8eb42d56 -> 
========================================================================
Received Import Request.
  path: Assets/easy UI emerald - default.psd
  artifactKey: Guid(1f758ec661cd10f4b889c713e4d957cf) Importer(815301076,1909f56bfc062723c751e8b465ee728b)
Start importing Assets/easy UI emerald - default.psd using Guid(1f758ec661cd10f4b889c713e4d957cf) Importer(815301076,1909f56bfc062723c751e8b465ee728b)  -> (artifact id: 'b6d7e72ddbab2161db2d0e5c327f0442') in 0.077974 seconds 
  Import took 0.080241 seconds .

========================================================================
Received Import Request.
  Time since last request: 14.624093 seconds.
  path: Assets/easy UI emerald - default.unity
  artifactKey: Guid(b1c56176553646c429757732476a41c3) Importer(815301076,1909f56bfc062723c751e8b465ee728b)
Start importing Assets/easy UI emerald - default.unity using Guid(b1c56176553646c429757732476a41c3) Importer(815301076,1909f56bfc062723c751e8b465ee728b)  -> (artifact id: 'c2d6541e1809d83c3aedde348e3f4634') in 0.006489 seconds 
  Import took 0.008794 seconds .

========================================================================
Received Import Request.
  Time since last request: 10.201040 seconds.
  path: Assets/Scenes
  artifactKey: Guid(e6c086977fbcd1546bab229a159e70de) Importer(815301076,1909f56bfc062723c751e8b465ee728b)
Start importing Assets/Scenes using Guid(e6c086977fbcd1546bab229a159e70de) Importer(815301076,1909f56bfc062723c751e8b465ee728b)  -> (artifact id: 'bd4b6e1c97bb00a5798d34b09277981f') in 0.005171 seconds 
  Import took 0.007468 seconds .

========================================================================
Received Import Request.
  Time since last request: 0.603395 seconds.
  path: Assets/Scenes/SampleScene.unity
  artifactKey: Guid(2cda990e2423bbf4892e6590ba056729) Importer(815301076,1909f56bfc062723c751e8b465ee728b)
Start importing Assets/Scenes/SampleScene.unity using Guid(2cda990e2423bbf4892e6590ba056729) Importer(815301076,1909f56bfc062723c751e8b465ee728b)  -> (artifact id: 'aa27944bdea339c97c39027c7eea529c') in 0.005635 seconds 
  Import took 0.007885 seconds .

========================================================================
Received Import Request.
  Time since last request: 11.024329 seconds.
  path: Assets/resource_default
  artifactKey: Guid(e6131c58805b49749b1d4099358577f7) Importer(815301076,1909f56bfc062723c751e8b465ee728b)
Start importing Assets/resource_default using Guid(e6131c58805b49749b1d4099358577f7) Importer(815301076,1909f56bfc062723c751e8b465ee728b)  -> (artifact id: 'ed8055ecb27c53a65f4ec68e1f6f8358') in 0.004878 seconds 
  Import took 0.007178 seconds .

========================================================================
Received Import Request.
  Time since last request: 0.044193 seconds.
  path: Assets/resource_default/box_a.png
  artifactKey: Guid(ed3b4c75a68320349a9f4481bab4876c) Importer(815301076,1909f56bfc062723c751e8b465ee728b)
Start importing Assets/resource_default/box_a.png using Guid(ed3b4c75a68320349a9f4481bab4876c) Importer(815301076,1909f56bfc062723c751e8b465ee728b)  -> (artifact id: '941faf4b4ca4e16b4ead380c1d904af0') in 0.026335 seconds 
  Import took 0.028671 seconds .

========================================================================
Received Import Request.
  Time since last request: 0.000229 seconds.
  path: Assets/resource_default/box_c_02.png
  artifactKey: Guid(e8def83b1cf543e4a9513f7aaa7bd953) Importer(815301076,1909f56bfc062723c751e8b465ee728b)
Start importing Assets/resource_default/box_c_02.png using Guid(e8def83b1cf543e4a9513f7aaa7bd953) Importer(815301076,1909f56bfc062723c751e8b465ee728b)  -> (artifact id: '816dbc647e258dc5a0eb9e8795fbd9f4') in 0.009356 seconds 
  Import took 0.011520 seconds .

========================================================================
Received Import Request.
  Time since last request: 0.000193 seconds.
  path: Assets/resource_default/checkbox_check.png
  artifactKey: Guid(43e17fb59bccf0748b04cccfc220a522) Importer(815301076,1909f56bfc062723c751e8b465ee728b)
Start importing Assets/resource_default/checkbox_check.png using Guid(43e17fb59bccf0748b04cccfc220a522) Importer(815301076,1909f56bfc062723c751e8b465ee728b)  -> (artifact id: '35890e35c58b8b1f8b3112d351403885') in 0.010429 seconds 
  Import took 0.012635 seconds .

========================================================================
Received Import Request.
  Time since last request: 0.000195 seconds.
  path: Assets/resource_default/box_b_04.png
  artifactKey: Guid(47b0b6ed20592d74ba2a6d517e877ad2) Importer(815301076,1909f56bfc062723c751e8b465ee728b)
Start importing Assets/resource_default/box_b_04.png using Guid(47b0b6ed20592d74ba2a6d517e877ad2) Importer(815301076,1909f56bfc062723c751e8b465ee728b)  -> (artifact id: 'c43ad2c229c82ae76bd1024c9eb69cce') in 0.010176 seconds 
  Import took 0.012527 seconds .

========================================================================
Received Import Request.
  Time since last request: 0.000132 seconds.
  path: Assets/resource_default/gage_b_fill05.png
  artifactKey: Guid(5f800e8c23f52d9439d7929cf06cd922) Importer(815301076,1909f56bfc062723c751e8b465ee728b)
Start importing Assets/resource_default/gage_b_fill05.png using Guid(5f800e8c23f52d9439d7929cf06cd922) Importer(815301076,1909f56bfc062723c751e8b465ee728b)  -> (artifact id: '317210caf0aaaa7687ba034dcfcee164') in 0.009060 seconds 
  Import took 0.011374 seconds .

========================================================================
Received Import Request.
  Time since last request: 0.000213 seconds.
  path: Assets/resource_default/box_a_01.png
  artifactKey: Guid(f7420318a046742439fc1f7e0fb33dc7) Importer(815301076,1909f56bfc062723c751e8b465ee728b)
Start importing Assets/resource_default/box_a_01.png using Guid(f7420318a046742439fc1f7e0fb33dc7) Importer(815301076,1909f56bfc062723c751e8b465ee728b)  -> (artifact id: 'fb6df80be0a3c802bbcaaf79e426fbe7') in 0.010167 seconds 
  Import took 0.012600 seconds .

========================================================================
Received Import Request.
  Time since last request: 0.000134 seconds.
  path: Assets/resource_default/box_a_03.png
  artifactKey: Guid(7cd59d7fb38a77f4ca92099e8d101b73) Importer(815301076,1909f56bfc062723c751e8b465ee728b)
Start importing Assets/resource_default/box_a_03.png using Guid(7cd59d7fb38a77f4ca92099e8d101b73) Importer(815301076,1909f56bfc062723c751e8b465ee728b)  -> (artifact id: 'ae6100cbadedba548baecfdcbc5ffe2e') in 0.008936 seconds 
  Import took 0.011184 seconds .

========================================================================
Received Import Request.
  Time since last request: 0.000140 seconds.
  path: Assets/resource_default/point_beige.png
  artifactKey: Guid(e73dd9c018a08e74e9e3b6b52eba48b4) Importer(815301076,1909f56bfc062723c751e8b465ee728b)
Start importing Assets/resource_default/point_beige.png using Guid(e73dd9c018a08e74e9e3b6b52eba48b4) Importer(815301076,1909f56bfc062723c751e8b465ee728b)  -> (artifact id: 'be00fbb7fee9a40c6dbf5e200f9205a6') in 0.009753 seconds 
  Import took 0.012023 seconds .

========================================================================
Received Import Request.
  Time since last request: 0.000175 seconds.
  path: Assets/resource_default/btn_c_emerald.png
  artifactKey: Guid(7017830725262a140b5d8a3d39a0b11a) Importer(815301076,1909f56bfc062723c751e8b465ee728b)
Start importing Assets/resource_default/btn_c_emerald.png using Guid(7017830725262a140b5d8a3d39a0b11a) Importer(815301076,1909f56bfc062723c751e8b465ee728b)  -> (artifact id: '1409450d50dfe93249d0cc8ac86040cc') in 0.010641 seconds 
  Import took 0.012958 seconds .

========================================================================
Received Import Request.
  Time since last request: 0.000252 seconds.
  path: Assets/resource_default/btn_c_beige.png
  artifactKey: Guid(9c0068a62e7a92d40824e0b03460035a) Importer(815301076,1909f56bfc062723c751e8b465ee728b)
Start importing Assets/resource_default/btn_c_beige.png using Guid(9c0068a62e7a92d40824e0b03460035a) Importer(815301076,1909f56bfc062723c751e8b465ee728b)  -> (artifact id: '32c8d45cce96a8362ae2a994a67ab6b1') in 0.010589 seconds 
  Import took 0.012816 seconds .

========================================================================
Received Import Request.
  Time since last request: 0.000169 seconds.
  path: Assets/resource_default/btn_b_grey.png
  artifactKey: Guid(d7d480a22b9c1f64bb6d748bf353e45b) Importer(815301076,1909f56bfc062723c751e8b465ee728b)
Start importing Assets/resource_default/btn_b_grey.png using Guid(d7d480a22b9c1f64bb6d748bf353e45b) Importer(815301076,1909f56bfc062723c751e8b465ee728b)  -> (artifact id: '9b890bd704cfa9bd87669f6930e3c2dd') in 0.012168 seconds 
  Import took 0.014392 seconds .

========================================================================
Received Import Request.
  Time since last request: 0.000144 seconds.
  path: Assets/resource_default/box_b.png
  artifactKey: Guid(7ff78b329f164464ea5df9a3227b3f0d) Importer(815301076,1909f56bfc062723c751e8b465ee728b)
Start importing Assets/resource_default/box_b.png using Guid(7ff78b329f164464ea5df9a3227b3f0d) Importer(815301076,1909f56bfc062723c751e8b465ee728b)  -> (artifact id: '7d2d58415539eb1da431298df6febf3b') in 0.010784 seconds 
  Import took 0.012901 seconds .

========================================================================
Received Import Request.
  Time since last request: 0.000166 seconds.
  path: Assets/resource_default/btn_a_red.png
  artifactKey: Guid(74976faeb568f074d9f1a4df7ca78d18) Importer(815301076,1909f56bfc062723c751e8b465ee728b)
Start importing Assets/resource_default/btn_a_red.png using Guid(74976faeb568f074d9f1a4df7ca78d18) Importer(815301076,1909f56bfc062723c751e8b465ee728b)  -> (artifact id: 'c66bcb64e3747eeb6289e7b918a989a3') in 0.009813 seconds 
  Import took 0.012077 seconds .

========================================================================
Received Import Request.
  Time since last request: 0.000135 seconds.
  path: Assets/resource_default/gage_b_fill01.png
  artifactKey: Guid(9df81246e4df1154cb8d7410d2af7e84) Importer(815301076,1909f56bfc062723c751e8b465ee728b)
Start importing Assets/resource_default/gage_b_fill01.png using Guid(9df81246e4df1154cb8d7410d2af7e84) Importer(815301076,1909f56bfc062723c751e8b465ee728b)  -> (artifact id: 'e13f7f34df899f38180b7a3b1c75b15f') in 0.008434 seconds 
  Import took 0.010612 seconds .

========================================================================
Received Import Request.
  Time since last request: 0.000115 seconds.
  path: Assets/resource_default/btn_b_emerald.png
  artifactKey: Guid(e6d0e297e4512fe4b8e8fe357714a52f) Importer(815301076,1909f56bfc062723c751e8b465ee728b)
Start importing Assets/resource_default/btn_b_emerald.png using Guid(e6d0e297e4512fe4b8e8fe357714a52f) Importer(815301076,1909f56bfc062723c751e8b465ee728b)  -> (artifact id: 'a543f774403df732251b437791d6cee3') in 0.010342 seconds 
  Import took 0.012584 seconds .

========================================================================
Received Import Request.
  Time since last request: 0.000109 seconds.
  path: Assets/resource_default/gage_b_fill02.png
  artifactKey: Guid(bcb5b4fb84e360f4ab517305cc7ea5ab) Importer(815301076,1909f56bfc062723c751e8b465ee728b)
Start importing Assets/resource_default/gage_b_fill02.png using Guid(bcb5b4fb84e360f4ab517305cc7ea5ab) Importer(815301076,1909f56bfc062723c751e8b465ee728b)  -> (artifact id: 'ded32c764311c3d48cfd1be4a76bc242') in 0.008734 seconds 
  Import took 0.010919 seconds .

========================================================================
Received Import Request.
  Time since last request: 0.000118 seconds.
  path: Assets/resource_default/innerbox_a_btn_04.png
  artifactKey: Guid(ff3db5d915c96184ea06e6aff8c7240a) Importer(815301076,1909f56bfc062723c751e8b465ee728b)
Start importing Assets/resource_default/innerbox_a_btn_04.png using Guid(ff3db5d915c96184ea06e6aff8c7240a) Importer(815301076,1909f56bfc062723c751e8b465ee728b)  -> (artifact id: '4ab8991d874f60a0ddc9ff72fcbfe1be') in 0.011549 seconds 
  Import took 0.013724 seconds .

========================================================================
Received Import Request.
  Time since last request: 0.000140 seconds.
  path: Assets/resource_default/gage_b_fill04.png
  artifactKey: Guid(74eea1e5ac116724fad3c1971b35589c) Importer(815301076,1909f56bfc062723c751e8b465ee728b)
Start importing Assets/resource_default/gage_b_fill04.png using Guid(74eea1e5ac116724fad3c1971b35589c) Importer(815301076,1909f56bfc062723c751e8b465ee728b)  -> (artifact id: '59ac38272a791ce62d2bf1d28de3e160') in 0.008566 seconds 
  Import took 0.010913 seconds .

========================================================================
Received Import Request.
  Time since last request: 0.000164 seconds.
  path: Assets/resource_default/gage_b_empty.png
  artifactKey: Guid(f6c1dea84b7a31e4b81d0f719c477e2e) Importer(815301076,1909f56bfc062723c751e8b465ee728b)
Start importing Assets/resource_default/gage_b_empty.png using Guid(f6c1dea84b7a31e4b81d0f719c477e2e) Importer(815301076,1909f56bfc062723c751e8b465ee728b)  -> (artifact id: 'bf4ddf0e08115d4eb51acaf72b826432') in 0.010354 seconds 
  Import took 0.012522 seconds .

========================================================================
Received Import Request.
  Time since last request: 0.000106 seconds.
  path: Assets/resource_default/innerbox_a.png
  artifactKey: Guid(d987d57fd92b64048bbfeee60e636663) Importer(815301076,1909f56bfc062723c751e8b465ee728b)
Start importing Assets/resource_default/innerbox_a.png using Guid(d987d57fd92b64048bbfeee60e636663) Importer(815301076,1909f56bfc062723c751e8b465ee728b)  -> (artifact id: '7c799a4b326d39d9e37f649abb322c61') in 0.008971 seconds 
  Import took 0.011144 seconds .

========================================================================
Received Import Request.
  Time since last request: 0.000108 seconds.
  path: Assets/resource_default/btn_a_emerald.png
  artifactKey: Guid(e87e973aa97e2cf41885259822725eb5) Importer(815301076,1909f56bfc062723c751e8b465ee728b)
Start importing Assets/resource_default/btn_a_emerald.png using Guid(e87e973aa97e2cf41885259822725eb5) Importer(815301076,1909f56bfc062723c751e8b465ee728b)  -> (artifact id: '1818080eb59f9c16bc60bd6516322734') in 0.009963 seconds 
  Import took 0.012146 seconds .

========================================================================
Received Import Request.
  Time since last request: 0.000111 seconds.
  path: Assets/resource_default/btn_a_grey.png
  artifactKey: Guid(e0b63f1cfe110994ba2ad2de0e5292de) Importer(815301076,1909f56bfc062723c751e8b465ee728b)
Start importing Assets/resource_default/btn_a_grey.png using Guid(e0b63f1cfe110994ba2ad2de0e5292de) Importer(815301076,1909f56bfc062723c751e8b465ee728b)  -> (artifact id: '99a12d4047e74b5bcd4b993f98ed2b54') in 0.014089 seconds 
  Import took 0.016455 seconds .

========================================================================
Received Import Request.
  Time since last request: 0.000142 seconds.
  path: Assets/resource_default/radio_check.png
  artifactKey: Guid(df907ac5977a0d543a06e726893e2c9e) Importer(815301076,1909f56bfc062723c751e8b465ee728b)
Start importing Assets/resource_default/radio_check.png using Guid(df907ac5977a0d543a06e726893e2c9e) Importer(815301076,1909f56bfc062723c751e8b465ee728b)  -> (artifact id: '81833d3212cad8f7dea75585de333a39') in 0.008830 seconds 
  Import took 0.010982 seconds .

========================================================================
Received Import Request.
  Time since last request: 0.000139 seconds.
  path: Assets/resource_default/innerbox_a_btn_01.png
  artifactKey: Guid(34d3404d20b7a8245b1fac6e7855b705) Importer(815301076,1909f56bfc062723c751e8b465ee728b)
Start importing Assets/resource_default/innerbox_a_btn_01.png using Guid(34d3404d20b7a8245b1fac6e7855b705) Importer(815301076,1909f56bfc062723c751e8b465ee728b)  -> (artifact id: 'b4eb296726cf74c1f0ec3c4d29ad545a') in 0.009336 seconds 
  Import took 0.011755 seconds .

========================================================================
Received Import Request.
  Time since last request: 0.000150 seconds.
  path: Assets/resource_default/btn_a_beige.png
  artifactKey: Guid(8e8051156b4decf4693f0648a48b3fc9) Importer(815301076,1909f56bfc062723c751e8b465ee728b)
Start importing Assets/resource_default/btn_a_beige.png using Guid(8e8051156b4decf4693f0648a48b3fc9) Importer(815301076,1909f56bfc062723c751e8b465ee728b)  -> (artifact id: '886a63bec88f5e6c5b252be7e2162e29') in 0.011071 seconds 
  Import took 0.013195 seconds .

========================================================================
Received Import Request.
  Time since last request: 0.000113 seconds.
  path: Assets/resource_default/box_c_04.png
  artifactKey: Guid(03262c876f6187b4f91fe5239e698673) Importer(815301076,1909f56bfc062723c751e8b465ee728b)
Start importing Assets/resource_default/box_c_04.png using Guid(03262c876f6187b4f91fe5239e698673) Importer(815301076,1909f56bfc062723c751e8b465ee728b)  -> (artifact id: 'd65770d63ec944e6a31a779a3218ed5d') in 0.008725 seconds 
  Import took 0.010889 seconds .

========================================================================
Received Import Request.
  Time since last request: 0.000158 seconds.
  path: Assets/resource_default/gage_b_fill07.png
  artifactKey: Guid(3e5237d08b3a99a459942236eb0532f0) Importer(815301076,1909f56bfc062723c751e8b465ee728b)
Start importing Assets/resource_default/gage_b_fill07.png using Guid(3e5237d08b3a99a459942236eb0532f0) Importer(815301076,1909f56bfc062723c751e8b465ee728b)  -> (artifact id: 'fe2bb07864e63fef9c8320291df3de17') in 0.010175 seconds 
  Import took 0.012450 seconds .

========================================================================
Received Import Request.
  Time since last request: 0.000142 seconds.
  path: Assets/resource_default/textinput_a.png
  artifactKey: Guid(e4430d406d9e002418f1d3cf864fb0ff) Importer(815301076,1909f56bfc062723c751e8b465ee728b)
Start importing Assets/resource_default/textinput_a.png using Guid(e4430d406d9e002418f1d3cf864fb0ff) Importer(815301076,1909f56bfc062723c751e8b465ee728b)  -> (artifact id: 'bab223ec9e59b2c3048552990e7a88e5') in 0.010151 seconds 
  Import took 0.012284 seconds .

========================================================================
Received Import Request.
  Time since last request: 0.000170 seconds.
  path: Assets/resource_default/box_b_02.png
  artifactKey: Guid(4b1885f5416f3c741ac0815952921840) Importer(815301076,1909f56bfc062723c751e8b465ee728b)
Start importing Assets/resource_default/box_b_02.png using Guid(4b1885f5416f3c741ac0815952921840) Importer(815301076,1909f56bfc062723c751e8b465ee728b)  -> (artifact id: 'b827b602a5b1dec77915280c6dd09b61') in 0.009445 seconds 
  Import took 0.011713 seconds .

========================================================================
Received Import Request.
  Time since last request: 0.000186 seconds.
  path: Assets/resource_default/divider_a.png
  artifactKey: Guid(e460759783bc11a40b0b706688151e1e) Importer(815301076,1909f56bfc062723c751e8b465ee728b)
Start importing Assets/resource_default/divider_a.png using Guid(e460759783bc11a40b0b706688151e1e) Importer(815301076,1909f56bfc062723c751e8b465ee728b)  -> (artifact id: 'ddc7b5ef14199512a00680792cefe171') in 0.012035 seconds 
  Import took 0.014185 seconds .

========================================================================
Received Import Request.
  Time since last request: 0.000137 seconds.
  path: Assets/resource_default/radio_blank.png
  artifactKey: Guid(cd34ff269b1774d4a914fd2ad1a6f428) Importer(815301076,1909f56bfc062723c751e8b465ee728b)
Start importing Assets/resource_default/radio_blank.png using Guid(cd34ff269b1774d4a914fd2ad1a6f428) Importer(815301076,1909f56bfc062723c751e8b465ee728b)  -> (artifact id: '65819d49e9f93ed2df2c104c8a20ab8c') in 0.008639 seconds 
  Import took 0.010822 seconds .

========================================================================
Received Import Request.
  Time since last request: 0.000125 seconds.
  path: Assets/resource_default/box_b_01.png
  artifactKey: Guid(a4b88956494e64a4a896b1e2e09d76aa) Importer(815301076,1909f56bfc062723c751e8b465ee728b)
Start importing Assets/resource_default/box_b_01.png using Guid(a4b88956494e64a4a896b1e2e09d76aa) Importer(815301076,1909f56bfc062723c751e8b465ee728b)  -> (artifact id: '766e8cd8770eab4030a47de1494f9763') in 0.009918 seconds 
  Import took 0.012131 seconds .

========================================================================
Received Import Request.
  Time since last request: 0.000194 seconds.
  path: Assets/resource_default/icon_arrowdown.png
  artifactKey: Guid(031411cfd15824643a4ccdedb8d36bc2) Importer(815301076,1909f56bfc062723c751e8b465ee728b)
Start importing Assets/resource_default/icon_arrowdown.png using Guid(031411cfd15824643a4ccdedb8d36bc2) Importer(815301076,1909f56bfc062723c751e8b465ee728b)  -> (artifact id: '3eda8b835209eff62fc79f5967c6e63c') in 0.009214 seconds 
  Import took 0.011349 seconds .

========================================================================
Received Import Request.
  Time since last request: 0.000117 seconds.
  path: Assets/resource_default/btn_c_red.png
  artifactKey: Guid(dfe0f8b3b8f11c54d94569c6e1326583) Importer(815301076,1909f56bfc062723c751e8b465ee728b)
Start importing Assets/resource_default/btn_c_red.png using Guid(dfe0f8b3b8f11c54d94569c6e1326583) Importer(815301076,1909f56bfc062723c751e8b465ee728b)  -> (artifact id: '5abe8509d2bf767c504a49ad9a3d69c8') in 0.010587 seconds 
  Import took 0.012728 seconds .

========================================================================
Received Import Request.
  Time since last request: 0.000177 seconds.
  path: Assets/resource_default/gage_a_empty.png
  artifactKey: Guid(2a7229b8854f44e468f330c2cfe50c8d) Importer(815301076,1909f56bfc062723c751e8b465ee728b)
Start importing Assets/resource_default/gage_a_empty.png using Guid(2a7229b8854f44e468f330c2cfe50c8d) Importer(815301076,1909f56bfc062723c751e8b465ee728b)  -> (artifact id: 'c9221810aaad7d28bea4685965b344da') in 0.010945 seconds 
  Import took 0.013176 seconds .

========================================================================
Received Import Request.
  Time since last request: 0.000189 seconds.
  path: Assets/resource_default/gage_b_fill_progress.png
  artifactKey: Guid(3ce5d913607d46846a0812d1b479e3d5) Importer(815301076,1909f56bfc062723c751e8b465ee728b)
Start importing Assets/resource_default/gage_b_fill_progress.png using Guid(3ce5d913607d46846a0812d1b479e3d5) Importer(815301076,1909f56bfc062723c751e8b465ee728b)  -> (artifact id: '6355ae4c554a9910e509fbdb799c9f2c') in 0.008965 seconds 
  Import took 0.011973 seconds .

========================================================================
Received Import Request.
  Time since last request: 0.000176 seconds.
  path: Assets/resource_default/btn_b_red.png
  artifactKey: Guid(0a1a18af546cb004db55d57b6559928b) Importer(815301076,1909f56bfc062723c751e8b465ee728b)
Start importing Assets/resource_default/btn_b_red.png using Guid(0a1a18af546cb004db55d57b6559928b) Importer(815301076,1909f56bfc062723c751e8b465ee728b)  -> (artifact id: '6d43556479fb0f20704bbf127b920cbc') in 0.009225 seconds 
  Import took 0.011659 seconds .

========================================================================
Received Import Request.
  Time since last request: 0.000166 seconds.
  path: Assets/resource_default/box_a_04.png
  artifactKey: Guid(0b216ed8876b73945ad75ea6feaba010) Importer(815301076,1909f56bfc062723c751e8b465ee728b)
Start importing Assets/resource_default/box_a_04.png using Guid(0b216ed8876b73945ad75ea6feaba010) Importer(815301076,1909f56bfc062723c751e8b465ee728b)  -> (artifact id: '95de4a6d4a08bca4844d8352f9c358ef') in 0.008643 seconds 
  Import took 0.010954 seconds .

========================================================================
Received Import Request.
  Time since last request: 0.000189 seconds.
  path: Assets/resource_default/gage_b_fill06.png
  artifactKey: Guid(9e2d10e868bfcc2459840cd98bcfde42) Importer(815301076,1909f56bfc062723c751e8b465ee728b)
Start importing Assets/resource_default/gage_b_fill06.png using Guid(9e2d10e868bfcc2459840cd98bcfde42) Importer(815301076,1909f56bfc062723c751e8b465ee728b)  -> (artifact id: '0402e162f05be880772c33fbff2c22b5') in 0.008655 seconds 
  Import took 0.010921 seconds .

========================================================================
Received Import Request.
  Time since last request: 0.000141 seconds.
  path: Assets/resource_default/box_c_01.png
  artifactKey: Guid(2416bf88655c40c40adc903253fb2ba1) Importer(815301076,1909f56bfc062723c751e8b465ee728b)
Start importing Assets/resource_default/box_c_01.png using Guid(2416bf88655c40c40adc903253fb2ba1) Importer(815301076,1909f56bfc062723c751e8b465ee728b)  -> (artifact id: '124a2c3d94f75e5cbdbc6e2fd9fafe50') in 0.011987 seconds 
  Import took 0.014174 seconds .

========================================================================
Received Import Request.
  Time since last request: 0.000117 seconds.
  path: Assets/resource_default/btn_c_grey.png
  artifactKey: Guid(6e66bb159c14d844580544244bf0d9d5) Importer(815301076,1909f56bfc062723c751e8b465ee728b)
Start importing Assets/resource_default/btn_c_grey.png using Guid(6e66bb159c14d844580544244bf0d9d5) Importer(815301076,1909f56bfc062723c751e8b465ee728b)  -> (artifact id: 'd48ad6118fa7b166c12c1b04efa1becf') in 0.009741 seconds 
  Import took 0.012645 seconds .

========================================================================
Received Import Request.
  Time since last request: 0.000130 seconds.
  path: Assets/resource_default/innerbox_a_btn_02.png
  artifactKey: Guid(49eaf0cf4f54e7a4ab865811163498e6) Importer(815301076,1909f56bfc062723c751e8b465ee728b)
Start importing Assets/resource_default/innerbox_a_btn_02.png using Guid(49eaf0cf4f54e7a4ab865811163498e6) Importer(815301076,1909f56bfc062723c751e8b465ee728b)  -> (artifact id: '324fc21eff0c52bde3ad20a67ad30da0') in 0.008968 seconds 
  Import took 0.011285 seconds .

========================================================================
Received Import Request.
  Time since last request: 0.000157 seconds.
  path: Assets/resource_default/innerbox_a_btn_03.png
  artifactKey: Guid(e5436bf6647d2f540b4dc774bf27593e) Importer(815301076,1909f56bfc062723c751e8b465ee728b)
Start importing Assets/resource_default/innerbox_a_btn_03.png using Guid(e5436bf6647d2f540b4dc774bf27593e) Importer(815301076,1909f56bfc062723c751e8b465ee728b)  -> (artifact id: '96f734080e1c26bbd13818f67269b288') in 0.010381 seconds 
  Import took 0.012766 seconds .

========================================================================
Received Import Request.
  Time since last request: 0.000118 seconds.
  path: Assets/resource_default/box_b_03.png
  artifactKey: Guid(cd5efc45d507a414c81bd895a5528a0b) Importer(815301076,1909f56bfc062723c751e8b465ee728b)
Start importing Assets/resource_default/box_b_03.png using Guid(cd5efc45d507a414c81bd895a5528a0b) Importer(815301076,1909f56bfc062723c751e8b465ee728b)  -> (artifact id: '086d341af86494f3ca93c5ac36c4bd2d') in 0.008544 seconds 
  Import took 0.010770 seconds .

========================================================================
Received Import Request.
  Time since last request: 0.000126 seconds.
  path: Assets/resource_default/btn_b_beige.png
  artifactKey: Guid(57910dcde21e44c48b55d6eb96005e38) Importer(815301076,1909f56bfc062723c751e8b465ee728b)
Start importing Assets/resource_default/btn_b_beige.png using Guid(57910dcde21e44c48b55d6eb96005e38) Importer(815301076,1909f56bfc062723c751e8b465ee728b)  -> (artifact id: '9cadf16a05e0236ec2daca2098900434') in 0.012646 seconds 
  Import took 0.014908 seconds .

========================================================================
Received Import Request.
  Time since last request: 0.000158 seconds.
  path: Assets/resource_default/gage_b_fill08.png
  artifactKey: Guid(d40499526caa6e243958c6071f4d5b0f) Importer(815301076,1909f56bfc062723c751e8b465ee728b)
Start importing Assets/resource_default/gage_b_fill08.png using Guid(d40499526caa6e243958c6071f4d5b0f) Importer(815301076,1909f56bfc062723c751e8b465ee728b)  -> (artifact id: 'e6d01610503f8c68528e60893af8fd86') in 0.008559 seconds 
  Import took 0.010780 seconds .

========================================================================
Received Import Request.
  Time since last request: 0.000148 seconds.
  path: Assets/resource_default/innerbox_a_btn.png
  artifactKey: Guid(4dc79b73247092e4ab1b277f39e3f809) Importer(815301076,1909f56bfc062723c751e8b465ee728b)
Start importing Assets/resource_default/innerbox_a_btn.png using Guid(4dc79b73247092e4ab1b277f39e3f809) Importer(815301076,1909f56bfc062723c751e8b465ee728b)  -> (artifact id: '84b2cce5d549950c0ad86f320647260c') in 0.009036 seconds 
  Import took 0.011307 seconds .

========================================================================
Received Import Request.
  Time since last request: 0.000158 seconds.
  path: Assets/resource_default/box_c_03.png
  artifactKey: Guid(4acc179c0277ddf4fa72e6d397096d84) Importer(815301076,1909f56bfc062723c751e8b465ee728b)
Start importing Assets/resource_default/box_c_03.png using Guid(4acc179c0277ddf4fa72e6d397096d84) Importer(815301076,1909f56bfc062723c751e8b465ee728b)  -> (artifact id: '8cafc7a64a0eaecb60bd80245f130a60') in 0.008740 seconds 
  Import took 0.010984 seconds .

========================================================================
Received Import Request.
  Time since last request: 0.000119 seconds.
  path: Assets/resource_default/box_a_02.png
  artifactKey: Guid(cdcc1931095dc8544b4ab733bf2b3fde) Importer(815301076,1909f56bfc062723c751e8b465ee728b)
Start importing Assets/resource_default/box_a_02.png using Guid(cdcc1931095dc8544b4ab733bf2b3fde) Importer(815301076,1909f56bfc062723c751e8b465ee728b)  -> (artifact id: 'aee9a83bf1621dd59093bbcba4dfd06a') in 0.009195 seconds 
  Import took 0.011440 seconds .

========================================================================
Received Import Request.
  Time since last request: 0.000185 seconds.
  path: Assets/resource_default/checkbox_blank.png
  artifactKey: Guid(32f25fd44c295474483ad5f89d5863fb) Importer(815301076,1909f56bfc062723c751e8b465ee728b)
Start importing Assets/resource_default/checkbox_blank.png using Guid(32f25fd44c295474483ad5f89d5863fb) Importer(815301076,1909f56bfc062723c751e8b465ee728b)  -> (artifact id: '740406f9aa6a7ced44e8e1a5d5993353') in 0.011644 seconds 
  Import took 0.013894 seconds .

========================================================================
Received Import Request.
  Time since last request: 0.000149 seconds.
  path: Assets/resource_default/gage_b_fill03.png
  artifactKey: Guid(52351609d8e630847acd8fd9a9c40c89) Importer(815301076,1909f56bfc062723c751e8b465ee728b)
Start importing Assets/resource_default/gage_b_fill03.png using Guid(52351609d8e630847acd8fd9a9c40c89) Importer(815301076,1909f56bfc062723c751e8b465ee728b)  -> (artifact id: 'ad79785baef75c6c8fc032a5ae66d353') in 0.008804 seconds 
  Import took 0.011025 seconds .

========================================================================
Received Import Request.
  Time since last request: 0.000138 seconds.
  path: Assets/resource_default/box_c.png
  artifactKey: Guid(7b03ca51eb13fef46ad379e25bc1bb4b) Importer(815301076,1909f56bfc062723c751e8b465ee728b)
Start importing Assets/resource_default/box_c.png using Guid(7b03ca51eb13fef46ad379e25bc1bb4b) Importer(815301076,1909f56bfc062723c751e8b465ee728b)  -> (artifact id: 'faca86da0519f753db9b9518d2cc7ba3') in 0.008549 seconds 
  Import took 0.010831 seconds .

========================================================================
Received Import Request.
  Time since last request: 443.156571 seconds.
  path: Assets/png-transparent-thunder-plane-airplane-red-plane-game-plane-pixel-sprite-airplane-game-food-vertebrate.png
  artifactKey: Guid(ed3fab8b3ab8a124da5418ae87db1c16) Importer(815301076,1909f56bfc062723c751e8b465ee728b)
Start importing Assets/png-transparent-thunder-plane-airplane-red-plane-game-plane-pixel-sprite-airplane-game-food-vertebrate.png using Guid(ed3fab8b3ab8a124da5418ae87db1c16) Importer(815301076,1909f56bfc062723c751e8b465ee728b)  -> (artifact id: 'e9f00d2ec0f0c5155080bd7a87a54f4c') in 0.012555 seconds 
  Import took 0.015405 seconds .

========================================================================
Received Import Request.
  Time since last request: 314.313614 seconds.
  path: Assets/png-transparent-thunder-plane-airplane-red-plane-game-plane-pixel-sprite-airplane-game-food-vertebrate.png
  artifactKey: Guid(ed3fab8b3ab8a124da5418ae87db1c16) Importer(815301076,1909f56bfc062723c751e8b465ee728b)
Start importing Assets/png-transparent-thunder-plane-airplane-red-plane-game-plane-pixel-sprite-airplane-game-food-vertebrate.png using Guid(ed3fab8b3ab8a124da5418ae87db1c16) Importer(815301076,1909f56bfc062723c751e8b465ee728b)  -> (artifact id: '945c7cfb684d7626e339f8c3542d175a') in 0.009313 seconds 
  Import took 0.011954 seconds .

========================================================================
Received Import Request.
  Time since last request: 1.047346 seconds.
  path: Assets
  artifactKey: Guid(00000000000000001000000000000000) Importer(815301076,1909f56bfc062723c751e8b465ee728b)
Start importing Assets using Guid(00000000000000001000000000000000) Importer(815301076,1909f56bfc062723c751e8b465ee728b)  -> (artifact id: '42d402b061de3733987d63b9cc3b64de') in 0.004895 seconds 
  Import took 0.007336 seconds .

========================================================================
Received Import Request.
  Time since last request: 78.896174 seconds.
  path: Assets/2.jpg
  artifactKey: Guid(9b851b443d58da047a30ec99ede77f60) Importer(815301076,1909f56bfc062723c751e8b465ee728b)
Start importing Assets/2.jpg using Guid(9b851b443d58da047a30ec99ede77f60) Importer(815301076,1909f56bfc062723c751e8b465ee728b)  -> (artifact id: 'fcf20b27498c39dafd6a8d80a2432206') in 0.019035 seconds 
  Import took 0.021505 seconds .

========================================================================
Received Import Request.
  Time since last request: 108.554820 seconds.
  path: Assets/logo.png
  artifactKey: Guid(dbda3467552f1044fac44fab464368ba) Importer(815301076,1909f56bfc062723c751e8b465ee728b)
Start importing Assets/logo.png using Guid(dbda3467552f1044fac44fab464368ba) Importer(815301076,1909f56bfc062723c751e8b465ee728b)  -> (artifact id: 'ad3f6d457e609df54b8a393b3194dced') in 0.018255 seconds 
  Import took 0.020824 seconds .

========================================================================
Received Prepare
Registering precompiled user dll's ...
Registered in 0.001433 seconds.
Begin MonoManager ReloadAssembly
Native extension for WindowsStandalone target not found
Native extension for WebGL target not found
Refreshing native plugins compatible for Editor in 0.35 ms, found 3 plugins.
Preloading 0 native plugins for Editor in 0.00 ms.
Mono: successfully reloaded assembly
- Completed reload, in  0.727 seconds
Domain Reload Profiling:
	ReloadAssembly (727ms)
		BeginReloadAssembly (91ms)
			ExecutionOrderSort (0ms)
			DisableScriptedObjects (4ms)
			BackupInstance (0ms)
			ReleaseScriptingObjects (0ms)
			CreateAndSetChildDomain (26ms)
		EndReloadAssembly (591ms)
			LoadAssemblies (59ms)
			RebuildTransferFunctionScriptingTraits (0ms)
			SetupTypeCache (211ms)
			ReleaseScriptCaches (1ms)
			RebuildScriptCaches (33ms)
			SetupLoadedEditorAssemblies (207ms)
				LogAssemblyErrors (0ms)
				InitializePlatformSupportModulesInManaged (5ms)
				SetLoadedEditorAssemblies (0ms)
				RefreshPlugins (0ms)
				BeforeProcessingInitializeOnLoad (42ms)
				ProcessInitializeOnLoadAttributes (153ms)
				ProcessInitializeOnLoadMethodAttributes (4ms)
				AfterProcessingInitializeOnLoad (3ms)
				EditorAssembliesLoaded (0ms)
			ExecutionOrderSort2 (0ms)
			AwakeInstancesAfterBackupRestoration (8ms)
Platform modules already initialized, skipping
Refreshing native plugins compatible for Editor in 0.33 ms, found 3 plugins.
Preloading 0 native plugins for Editor in 0.00 ms.
Unloading 2081 Unused Serialized files (Serialized files now loaded: 0)
System memory in use before: 95.6 MB.
System memory in use after: 95.7 MB.

Unloading 14 unused Assets to reduce memory usage. Loaded Objects now: 2571.
Total: 2.213400 ms (FindLiveObjects: 0.131900 ms CreateObjectMapping: 0.059100 ms MarkObjects: 2.009300 ms  DeleteObjects: 0.012600 ms)

AssetImportParameters requested are different than current active one (requested -> active):
  custom:framework-win-MediaFoundation: 216162199b28c13a410421893ffa2e32 -> 
  custom:video-decoder-ogg-theora: a1e56fd34408186e4bbccfd4996cb3dc -> 
  custom:container-muxer-webm: aa71ff27fc2769a1b78a27578f13a17b -> 
  custom:container-demuxer-webm: 4f35f7cbe854078d1ac9338744f61a02 -> 
  custom:container-demuxer-ogg: 62fdf1f143b41e24485cea50d1cbac27 -> 
  custom:video-encoder-webm-vp8: eb34c28f22e8b96e1ab97ce403110664 -> 
  custom:video-decoder-webm-vp8: 9c59270c3fd7afecdb556c50c9e8de78 -> 
  custom:audio-decoder-ogg-vorbis: bf7c407c2cedff20999df2af8eb42d56 -> 
  custom:audio-encoder-webm-vorbis: bf7c407c2cedff20999df2af8eb42d56 -> 
AssetImportWorkerClient::OnTransportError - code=2 error=End of file
